Log started on 2018-08-05 01:00:07.130
00:00:03:3 pA is somewhat hard already
00:14:45:4 Coded pA, kind of want to submit
00:16:13:5 Read pB
00:34:04:1 Finished coding pB
00:39:29:7 Wtf stack overflow
00:40:31:1 Fixed it
00:42:19:0 Read pC
00:51:35:8 Reading pD
00:57:33:8 pD seems like some sort of dp
01:13:23:5 pC could be dp
01:28:28:8 Hmm n^5 dp
01:42:37:8 Finished coding
01:43:04:2 RTE sample
01:44:27:5 WA sample
01:46:14:8 AC samples, submitting
01:57:18:1 Oh lol pD might be similar to a previous problem
02:24:45:7 Finished coding?
02:25:36:2 Passed samples!
02:27:52:4 Submitted pD
