Contest log for AIM Tech Round 5 (rated, Div. 1 + Div. 2)
Log started on 2018-08-28 00:36:53.723
00:16:12:6 Submitted pC
00:16:14:0 Fk segtree
00:16:31:4 AC?
00:16:35:2 Reading pD
00:18:25:7 Fk math
00:23:01:3 Bracket sequence?
00:30:35:7 Segtree again?
00:33:25:3 Coding
00:45:08:9 Finished coding
00:53:12:2 Submitting pD
00:53:42:5 WA 4
01:02:13:6 Submitting, changing size_t to int
01:02:15:9 WA 4
01:06:18:2 Oops im dumb
01:06:22:7 My sol is wrong
01:12:05:7 Wait sol can be modified
01:18:22:1 Submitted pD
01:18:34:3 WA 1
01:19:11:9 Added extra condition, submitting
01:19:14:9 WA 3
01:21:10:2 Submitting
01:21:14:8 WA 6
01:28:27:0 New idea
01:36:19:9 Submitting
01:37:04:0 RTE 4
01:37:28:3 Fixed?
01:37:31:1 WA 4
01:41:05:9 WA 4
01:42:33:7 RIP typo
01:42:37:1 WA 4
01:43:54:4 Added empty checks
01:43:59:0 WA 4
01:46:08:9 Adding random asserts
01:46:39:1 Assert passed
